[1;35m04-12 13:50:09[0;39m [[1;33mINFO [0;39m] [36mc.h.t.TravelMapApplication.logStarting[0;39m - Starting TravelMapApplication using Java 17.0.9 with PID 18496 (C:\asac-hackathon\travel-map\build\classes\java\main started by rkdxh in C:\asac-hackathon\travel-map) 
[1;35m04-12 13:50:09[0;39m [[1;33mINFO [0;39m] [36mc.h.t.TravelMapApplication.logStartupProfileInfo[0;39m - No active profile set, falling back to 1 default profile: "default" 
[1;35m04-12 13:50:10[0;39m [[1;33mINFO [0;39m] [36mo.s.d.r.c.RepositoryConfigurationDelegate.registerRepositoriesIn[0;39m - Bootstrapping Spring Data JPA repositories in DEFAULT mode. 
[1;35m04-12 13:50:10[0;39m [[1;33mINFO [0;39m] [36mo.s.d.r.c.RepositoryConfigurationDelegate.registerRepositoriesIn[0;39m - Finished Spring Data repository scanning in 9 ms. Found 0 JPA repository interfaces. 
[1;35m04-12 13:50:10[0;39m [[1;33mINFO [0;39m] [36mo.s.b.w.e.t.TomcatWebServer.initialize[0;39m - Tomcat initialized with port 8080 (http) 
[1;35m04-12 13:50:10[0;39m [[1;33mINFO [0;39m] [36mo.a.c.h.Http11NioProtocol.log[0;39m - Initializing ProtocolHandler ["http-nio-8080"] 
[1;35m04-12 13:50:10[0;39m [[1;33mINFO [0;39m] [36mo.a.c.c.StandardService.log[0;39m - Starting service [Tomcat] 
[1;35m04-12 13:50:10[0;39m [[1;33mINFO [0;39m] [36mo.a.c.c.StandardEngine.log[0;39m - Starting Servlet engine: [Apache Tomcat/10.1.19] 
[1;35m04-12 13:50:10[0;39m [[1;33mINFO [0;39m] [36mo.a.c.c.C.[.[.[/].log[0;39m - Initializing Spring embedded WebApplicationContext 
[1;35m04-12 13:50:10[0;39m [[1;33mINFO [0;39m] [36mo.s.b.w.s.c.ServletWebServerApplicationContext.prepareWebApplicationContext[0;39m - Root WebApplicationContext: initialization completed in 879 ms 
[1;35m04-12 13:50:10[0;39m [[1;33mWARN [0;39m] [36mo.s.b.w.s.c.AnnotationConfigServletWebServerApplicationContext.refresh[0;39m - Exception encountered during context initialization - cancelling refresh attempt: org.springframework.beans.factory.UnsatisfiedDependencyException: Error creating bean with name 'dataSourceScriptDatabaseInitializer' defined in class path resource [org/springframework/boot/autoconfigure/sql/init/DataSourceInitializationConfiguration.class]: Unsatisfied dependency expressed through method 'dataSourceScriptDatabaseInitializer' parameter 0: Error creating bean with name 'dataSource' defined in class path resource [org/springframework/boot/autoconfigure/jdbc/DataSourceConfiguration$Hikari.class]: Failed to instantiate [com.zaxxer.hikari.HikariDataSource]: Factory method 'dataSource' threw exception with message: Failed to determine a suitable driver class 
[1;35m04-12 13:50:10[0;39m [[1;33mINFO [0;39m] [36mo.a.c.c.StandardService.log[0;39m - Stopping service [Tomcat] 
[1;35m04-12 13:50:10[0;39m [[1;33mINFO [0;39m] [36mo.s.b.a.l.ConditionEvaluationReportLogger.logMessage[0;39m - 

Error starting ApplicationContext. To display the condition evaluation report re-run your application with 'debug' enabled. 
[1;35m04-12 13:50:10[0;39m [[1;33mERROR[0;39m] [36mo.s.b.d.LoggingFailureAnalysisReporter.report[0;39m - 

***************************
APPLICATION FAILED TO START
***************************

Description:

Failed to configure a DataSource: 'url' attribute is not specified and no embedded datasource could be configured.

Reason: Failed to determine a suitable driver class


Action:

Consider the following:
	If you want an embedded database (H2, HSQL or Derby), please put it on the classpath.
	If you have database settings to be loaded from a particular profile you may need to activate it (no profiles are currently active).
 
